C:\USERS\MICHAEL_DENTE\DESKTOP\GOTIME_CURRENT\GOTIME_DEV_KERNEL\GOKERNEL\RELEASE\.NETFRAMEWORK,VERSION=V4.0.ASSEMBLYATTRIBUTES.OBJ
C:\USERS\MICHAEL_DENTE\DESKTOP\GOTIME_CURRENT\GOTIME_DEV_KERNEL\GOKERNEL\RELEASE\VC110.PDB
C:\USERS\MICHAEL_DENTE\DESKTOP\GOTIME_CURRENT\GOTIME_DEV_KERNEL\GOKERNEL\RELEASE\STONE.OBJ
C:\USERS\MICHAEL_DENTE\DESKTOP\GOTIME_CURRENT\GOTIME_DEV_KERNEL\GOKERNEL\RELEASE\HISTORYENTRY.OBJ
C:\USERS\MICHAEL_DENTE\DESKTOP\GOTIME_CURRENT\GOTIME_DEV_KERNEL\GOKERNEL\RELEASE\GROUP.OBJ
C:\USERS\MICHAEL_DENTE\DESKTOP\GOTIME_CURRENT\GOTIME_DEV_KERNEL\GOKERNEL\RELEASE\GAME.OBJ
C:\USERS\MICHAEL_DENTE\DESKTOP\GOTIME_CURRENT\GOTIME_DEV_KERNEL\RELEASE\GOKERNEL.LIB
C:\Users\Michael_Dente\Desktop\GoTime_Current\GoTime_Dev_Kernel\GoKernel\Release\.NETFramework,Version=v4.0.AssemblyAttributes.obj
C:\Users\Michael_Dente\Desktop\GoTime_Current\GoTime_Dev_Kernel\GoKernel\Release\Game.obj
C:\Users\Michael_Dente\Desktop\GoTime_Current\GoTime_Dev_Kernel\GoKernel\Release\Group.obj
C:\Users\Michael_Dente\Desktop\GoTime_Current\GoTime_Dev_Kernel\GoKernel\Release\HistoryEntry.obj
C:\Users\Michael_Dente\Desktop\GoTime_Current\GoTime_Dev_Kernel\GoKernel\Release\Stone.obj
C:\Users\Michael_Dente\Desktop\GoTime_Current\GoTime_Dev_Kernel\GoKernel\Release\cl.command.1.tlog
C:\Users\Michael_Dente\Desktop\GoTime_Current\GoTime_Dev_Kernel\GoKernel\Release\CL.read.1.tlog
C:\Users\Michael_Dente\Desktop\GoTime_Current\GoTime_Dev_Kernel\GoKernel\Release\CL.write.1.tlog
C:\Users\Michael_Dente\Desktop\GoTime_Current\GoTime_Dev_Kernel\GoKernel\Release\Lib-link.read.1.tlog
C:\Users\Michael_Dente\Desktop\GoTime_Current\GoTime_Dev_Kernel\GoKernel\Release\Lib-link.write.1.tlog
C:\Users\Michael_Dente\Desktop\GoTime_Current\GoTime_Dev_Kernel\GoKernel\Release\lib.command.1.tlog
C:\Users\Michael_Dente\Desktop\GoTime_Current\GoTime_Dev_Kernel\GoKernel\Release\metagen.read.1.tlog
C:\Users\Michael_Dente\Desktop\GoTime_Current\GoTime_Dev_Kernel\GoKernel\Release\metagen.write.1.tlog
C:\Users\Michael_Dente\Desktop\GoTime_Current\GoTime_Dev_Kernel\GoKernel\Release\vc110.pdb
C:\Users\Michael_Dente\Desktop\GoTime_Current\GoTime_Dev_Kernel\GoKernel\Release\RSAENH.DLL.bi
C:\Users\Michael_Dente\Desktop\GoTime_Current\GoTime_Dev_Kernel\GoKernel\Release\TZRES.DLL.bi
C:\Users\Michael_Dente\Desktop\GoTime_Current\GoTime_Dev_Kernel\Release\GoKernel.lib
