Build started 6/1/2015 7:46:31 PM.
     1>Project "C:\Users\MDENTE\Desktop\GoTime\GoTime\GoTime_Main\GoKernel\GoKernel.vcxproj" on node 2 (Build target(s)).
     1>ClCompile:
         C:\Program Files (x86)\Microsoft Visual Studio 12.0\VC\bin\CL.exe /c /AI"C:\Program Files (x86)\Reference Assemblies\Microsoft\Framework\.NETFramework\v4.0" /AI"C:\Program Files (x86)\Windows Kits\8.1\References\CommonConfiguration\Neutral" /Zi /clr /nologo /W3 /WX- /O2 /Oi /Oy- /GL /D _MBCS /EHa /MD /GS /Gy /fp:precise /Zc:wchar_t /Zc:forScope /Fo"Release\\" /Fd"Release\vc120.pdb" /TP /analyze- /errorReport:prompt /clr:nostdlib Game.cpp Group.cpp HistoryEntry.cpp Stone.cpp
         Game.cpp
         Group.cpp
         HistoryEntry.cpp
         Stone.cpp
         Generating Code...
         C:\Program Files (x86)\Microsoft Visual Studio 12.0\VC\bin\CL.exe /c /Zi /clr /nologo /W3 /WX- /O2 /Oi /Oy- /GL /D _MBCS /EHa /MD /GS /Gy /fp:precise /Zc:wchar_t /Zc:forScope /Fo"Release\\" /Fd"Release\vc120.pdb" /TP /analyze- /errorReport:prompt "C:\Users\MDENTE\AppData\Local\Temp\.NETFramework,Version=v4.0.AssemblyAttributes.cpp"
         .NETFramework,Version=v4.0.AssemblyAttributes.cpp
       Lib:
         C:\Program Files (x86)\Microsoft Visual Studio 12.0\VC\bin\Lib.exe /OUT:"C:\Users\MDENTE\Desktop\GoTime\GoTime\GoTime_Main\Release\GoKernel.lib" /NOLOGO /LTCG Release\Game.obj
         Release\Group.obj
         Release\HistoryEntry.obj
         Release\Stone.obj
         "Release\.NETFramework,Version=v4.0.AssemblyAttributes.obj"
         GoKernel.vcxproj -> C:\Users\MDENTE\Desktop\GoTime\GoTime\GoTime_Main\Release\GoKernel.lib
     1>Done Building Project "C:\Users\MDENTE\Desktop\GoTime\GoTime\GoTime_Main\GoKernel\GoKernel.vcxproj" (Build target(s)).

Build succeeded.

Time Elapsed 00:00:04.25
