C:\USERS\MICHAEL_DENTE\DESKTOP\GOTIME_CURRENT\GOTIME_DEV_KERNEL\GOLIBRARY\RELEASE\GOLIBRARY.PCH
C:\USERS\MICHAEL_DENTE\DESKTOP\GOTIME_CURRENT\GOTIME_DEV_KERNEL\GOLIBRARY\RELEASE\STDAFX.OBJ
C:\USERS\MICHAEL_DENTE\DESKTOP\GOTIME_CURRENT\GOTIME_DEV_KERNEL\GOLIBRARY\RELEASE\VC110.PDB
C:\USERS\MICHAEL_DENTE\DESKTOP\GOTIME_CURRENT\GOTIME_DEV_KERNEL\GOLIBRARY\RELEASE\GAME_LIB.OBJ
C:\USERS\MICHAEL_DENTE\DESKTOP\GOTIME_CURRENT\GOTIME_DEV_KERNEL\GOLIBRARY\RELEASE\ASSEMBLYINFO.OBJ
C:\USERS\MICHAEL_DENTE\DESKTOP\GOTIME_CURRENT\GOTIME_DEV_KERNEL\GOLIBRARY\RELEASE\.NETFRAMEWORK,VERSION=V4.5.ASSEMBLYATTRIBUTES.OBJ
C:\USERS\MICHAEL_DENTE\DESKTOP\GOTIME_CURRENT\GOTIME_DEV_KERNEL\RELEASE\GOLIBRARY.DLL
C:\USERS\MICHAEL_DENTE\DESKTOP\GOTIME_CURRENT\GOTIME_DEV_KERNEL\RELEASE\GOLIBRARY.PDB
C:\USERS\MICHAEL_DENTE\DESKTOP\GOTIME_CURRENT\GOTIME_DEV_KERNEL\GOLIBRARY\RELEASE\APP.RES
C:\Users\Michael_Dente\Desktop\GoTime_Current\GoTime_Dev_Kernel\GoLibrary\Release\GoLibrary.vcxprojResolveAssemblyReference.cache
C:\Users\Michael_Dente\Desktop\GoTime_Current\GoTime_Dev_Kernel\GoLibrary\Release\.NETFramework,Version=v4.5.AssemblyAttributes.obj
C:\Users\Michael_Dente\Desktop\GoTime_Current\GoTime_Dev_Kernel\GoLibrary\Release\AssemblyInfo.obj
C:\Users\Michael_Dente\Desktop\GoTime_Current\GoTime_Dev_Kernel\GoLibrary\Release\Game_LIB.obj
C:\Users\Michael_Dente\Desktop\GoTime_Current\GoTime_Dev_Kernel\GoLibrary\Release\Stdafx.obj
C:\Users\Michael_Dente\Desktop\GoTime_Current\GoTime_Dev_Kernel\GoLibrary\Release\cl.command.1.tlog
C:\Users\Michael_Dente\Desktop\GoTime_Current\GoTime_Dev_Kernel\GoLibrary\Release\CL.read.1.tlog
C:\Users\Michael_Dente\Desktop\GoTime_Current\GoTime_Dev_Kernel\GoLibrary\Release\CL.write.1.tlog
C:\Users\Michael_Dente\Desktop\GoTime_Current\GoTime_Dev_Kernel\GoLibrary\Release\link-cvtres.read.1.tlog
C:\Users\Michael_Dente\Desktop\GoTime_Current\GoTime_Dev_Kernel\GoLibrary\Release\link-cvtres.write.1.tlog
C:\Users\Michael_Dente\Desktop\GoTime_Current\GoTime_Dev_Kernel\GoLibrary\Release\link-rc.read.1.tlog
C:\Users\Michael_Dente\Desktop\GoTime_Current\GoTime_Dev_Kernel\GoLibrary\Release\link-rc.write.1.tlog
C:\Users\Michael_Dente\Desktop\GoTime_Current\GoTime_Dev_Kernel\GoLibrary\Release\link.command.1.tlog
C:\Users\Michael_Dente\Desktop\GoTime_Current\GoTime_Dev_Kernel\GoLibrary\Release\link.read.1.tlog
C:\Users\Michael_Dente\Desktop\GoTime_Current\GoTime_Dev_Kernel\GoLibrary\Release\link.write.1.tlog
C:\Users\Michael_Dente\Desktop\GoTime_Current\GoTime_Dev_Kernel\GoLibrary\Release\metagen.read.1.tlog
C:\Users\Michael_Dente\Desktop\GoTime_Current\GoTime_Dev_Kernel\GoLibrary\Release\metagen.write.1.tlog
C:\Users\Michael_Dente\Desktop\GoTime_Current\GoTime_Dev_Kernel\GoLibrary\Release\rc.command.1.tlog
C:\Users\Michael_Dente\Desktop\GoTime_Current\GoTime_Dev_Kernel\GoLibrary\Release\rc.read.1.tlog
C:\Users\Michael_Dente\Desktop\GoTime_Current\GoTime_Dev_Kernel\GoLibrary\Release\rc.write.1.tlog
C:\Users\Michael_Dente\Desktop\GoTime_Current\GoTime_Dev_Kernel\GoLibrary\Release\app.res
C:\Users\Michael_Dente\Desktop\GoTime_Current\GoTime_Dev_Kernel\GoLibrary\Release\GoLibrary.pch
C:\Users\Michael_Dente\Desktop\GoTime_Current\GoTime_Dev_Kernel\GoLibrary\Release\vc110.pdb
C:\Users\Michael_Dente\Desktop\GoTime_Current\GoTime_Dev_Kernel\GoLibrary\Release\RSAENH.DLL.bi
C:\Users\Michael_Dente\Desktop\GoTime_Current\GoTime_Dev_Kernel\GoLibrary\Release\TZRES.DLL.bi
C:\Users\Michael_Dente\Desktop\GoTime_Current\GoTime_Dev_Kernel\Release\GoLibrary.pdb
C:\Users\Michael_Dente\Desktop\GoTime_Current\GoTime_Dev_Kernel\Release\GoLibrary.dll
