C:\USERS\MICHAEL_DENTE\DOCUMENTS\VISUAL STUDIO 2012\PROJECTS\GOTIME\GOLIBRARY\DEBUG\GOLIBRARY.PCH
C:\USERS\MICHAEL_DENTE\DOCUMENTS\VISUAL STUDIO 2012\PROJECTS\GOTIME\GOLIBRARY\DEBUG\STDAFX.OBJ
C:\USERS\MICHAEL_DENTE\DOCUMENTS\VISUAL STUDIO 2012\PROJECTS\GOTIME\GOLIBRARY\DEBUG\VC110.PDB
C:\USERS\MICHAEL_DENTE\DOCUMENTS\VISUAL STUDIO 2012\PROJECTS\GOTIME\GOLIBRARY\DEBUG\GOLIBRARY.OBJ
C:\USERS\MICHAEL_DENTE\DOCUMENTS\VISUAL STUDIO 2012\PROJECTS\GOTIME\GOLIBRARY\DEBUG\ASSEMBLYINFO.OBJ
C:\USERS\MICHAEL_DENTE\DOCUMENTS\VISUAL STUDIO 2012\PROJECTS\GOTIME\GOLIBRARY\DEBUG\.NETFRAMEWORK,VERSION=V4.5.ASSEMBLYATTRIBUTES.OBJ
C:\USERS\MICHAEL_DENTE\DOCUMENTS\VISUAL STUDIO 2012\PROJECTS\GOTIME\DEBUG\GOLIBRARY.ILK
C:\USERS\MICHAEL_DENTE\DOCUMENTS\VISUAL STUDIO 2012\PROJECTS\GOTIME\DEBUG\GOLIBRARY.DLL
C:\USERS\MICHAEL_DENTE\DOCUMENTS\VISUAL STUDIO 2012\PROJECTS\GOTIME\DEBUG\GOLIBRARY.PDB
C:\USERS\MICHAEL_DENTE\DOCUMENTS\VISUAL STUDIO 2012\PROJECTS\GOTIME\GOLIBRARY\DEBUG\APP.RES
c:\Users\michael_dente\documents\visual studio 2012\Projects\GoTime\GoLibrary\Debug\GoLibrary.vcxprojResolveAssemblyReference.cache
c:\Users\michael_dente\documents\visual studio 2012\Projects\GoTime\GoLibrary\Debug\.NETFramework,Version=v4.5.AssemblyAttributes.obj
c:\Users\michael_dente\documents\visual studio 2012\Projects\GoTime\GoLibrary\Debug\AssemblyInfo.obj
c:\Users\michael_dente\documents\visual studio 2012\Projects\GoTime\GoLibrary\Debug\GoLibrary.obj
c:\Users\michael_dente\documents\visual studio 2012\Projects\GoTime\GoLibrary\Debug\Stdafx.obj
c:\Users\michael_dente\documents\visual studio 2012\Projects\GoTime\GoLibrary\Debug\cl.command.1.tlog
c:\Users\michael_dente\documents\visual studio 2012\Projects\GoTime\GoLibrary\Debug\CL.read.1.tlog
c:\Users\michael_dente\documents\visual studio 2012\Projects\GoTime\GoLibrary\Debug\CL.write.1.tlog
c:\Users\michael_dente\documents\visual studio 2012\Projects\GoTime\GoLibrary\Debug\link.4168-cvtres.read.1.tlog
c:\Users\michael_dente\documents\visual studio 2012\Projects\GoTime\GoLibrary\Debug\link.4168-cvtres.write.1.tlog
c:\Users\michael_dente\documents\visual studio 2012\Projects\GoTime\GoLibrary\Debug\link.4168-rc.read.1.tlog
c:\Users\michael_dente\documents\visual studio 2012\Projects\GoTime\GoLibrary\Debug\link.4168-rc.write.1.tlog
c:\Users\michael_dente\documents\visual studio 2012\Projects\GoTime\GoLibrary\Debug\link.4168.read.1.tlog
c:\Users\michael_dente\documents\visual studio 2012\Projects\GoTime\GoLibrary\Debug\link.4168.write.1.tlog
c:\Users\michael_dente\documents\visual studio 2012\Projects\GoTime\GoLibrary\Debug\link.5320-cvtres.read.1.tlog
c:\Users\michael_dente\documents\visual studio 2012\Projects\GoTime\GoLibrary\Debug\link.5320-cvtres.write.1.tlog
c:\Users\michael_dente\documents\visual studio 2012\Projects\GoTime\GoLibrary\Debug\link.5320-rc.read.1.tlog
c:\Users\michael_dente\documents\visual studio 2012\Projects\GoTime\GoLibrary\Debug\link.5320-rc.write.1.tlog
c:\Users\michael_dente\documents\visual studio 2012\Projects\GoTime\GoLibrary\Debug\link.5320.read.1.tlog
c:\Users\michael_dente\documents\visual studio 2012\Projects\GoTime\GoLibrary\Debug\link.5320.write.1.tlog
c:\Users\michael_dente\documents\visual studio 2012\Projects\GoTime\GoLibrary\Debug\link.command.1.tlog
c:\Users\michael_dente\documents\visual studio 2012\Projects\GoTime\GoLibrary\Debug\link.read.1.tlog
c:\Users\michael_dente\documents\visual studio 2012\Projects\GoTime\GoLibrary\Debug\link.write.1.tlog
c:\Users\michael_dente\documents\visual studio 2012\Projects\GoTime\GoLibrary\Debug\metagen.read.1.tlog
c:\Users\michael_dente\documents\visual studio 2012\Projects\GoTime\GoLibrary\Debug\metagen.write.1.tlog
c:\Users\michael_dente\documents\visual studio 2012\Projects\GoTime\GoLibrary\Debug\rc.command.1.tlog
c:\Users\michael_dente\documents\visual studio 2012\Projects\GoTime\GoLibrary\Debug\rc.read.1.tlog
c:\Users\michael_dente\documents\visual studio 2012\Projects\GoTime\GoLibrary\Debug\rc.write.1.tlog
c:\Users\michael_dente\documents\visual studio 2012\Projects\GoTime\GoLibrary\Debug\app.res
c:\Users\michael_dente\documents\visual studio 2012\Projects\GoTime\GoLibrary\Debug\GoLibrary.pch
c:\Users\michael_dente\documents\visual studio 2012\Projects\GoTime\GoLibrary\Debug\vc110.pdb
c:\Users\michael_dente\documents\visual studio 2012\Projects\GoTime\GoLibrary\Debug\RSAENH.DLL.bi
c:\Users\michael_dente\documents\visual studio 2012\Projects\GoTime\GoLibrary\Debug\TZRES.DLL.bi
c:\Users\michael_dente\documents\visual studio 2012\Projects\GoTime\Debug\GoLibrary.pdb
c:\Users\michael_dente\documents\visual studio 2012\Projects\GoTime\Debug\GoLibrary.dll
c:\Users\michael_dente\documents\visual studio 2012\Projects\GoTime\Debug\GoLibrary.ilk
